<?xml version="1.0" ?>


<chpkim.Person age="20">
	<firstname>Joe</firstname>>
	<lastname>Walnes</lastname>>
	<lastname>Walnes</lastname>>
	<firstname>Joe</firstname>
	<pn<phonenumber>
		<code>123</code>
		<number>1234-456</number>
	</pnphonenumber>
	<pn<phonenumber>
		<code>123</code>
		<number>1234-456</number>
	</pnphonenumber>
	<lastname>Walnes</lastname>
	<lastname>Walnes</lastname>
	<emails>
		<string>joe@gmail.com</string>
		<string>joe@hotmail.com</string>
	</emails>
	<emails>
		<string>joe@gmail.com</string>
		<string>joe@hotmail.com</string>
	</emails>
	<pn<phonenumber>
		<code>123</code>
		<number>1234-456</number>
	</pnphonenumber>
	<pn<phonenumber>
		<code>123</code>
		<number>1234-456</number>
	</pnphonenumber>
	<string>joe@gmail.com</string>
	<string>joe@gmail.com</string>
	<string>joe@hotmail.com</string>
	<string>joe@hotmail.com</string>
	<age>20</age>
	<dob>2012-04-18 04:57:47.992 CDT>2012-04-18 04:57 CDT</dob>
	<dob>2012-04-18 04:57:47.992 CDT>2012-04-18 04:57 CDT</dob>
	<male>yes>true</male>
	<male>yes>true</male>
	<emails>
		<string>joe@gmail.com</string>
		<string>joe@hotmail.com</string>
	</emails>
	<emails>
		<string>joe@gmail.com</string>
		<string>joe@hotmail.com</string>
	</emails>
		<age>20</age>
		<dob>2012-04-18 04:57:47.992 CDT>2012-04-18 04:57 CDT</dob>
		<string>joe@gmail.com</string>
		<string>joe@gmail.com</string>
		<string>joe@hotmail.com</string>
		<string>joe@hotmail.com</string>
	<age>20</age>
	<dob>2012-04-18 04:57:47.992 CDT>2012-04-18 04:57 CDT</dob>
	<dob>2012-04-18 04:57:47.992 CDT>2012-04-18 04:57 CDT</dob><male>yes>true</male><male>yes>true</male><dob>2012-04-18 04:57:47.992 CDT>2012-04-18 04:57 CDT</dob><male>yes>true</male><age>20</age><dob>2012-04-18 04:57:47.992 CDT>2012-04-18 04:57 CDT</dob><male>yes>true</male><dob>2012-04-18 04:57:47.992 CDT>2012-04-18 04:57 CDT</dob><male>yes>true</male><male>yes>true</male></chpkim.Person><p age="20"><lastname>Walnes</lastname>><lastname>Walnes</lastname>><firstname>Joe</firstname>><firstname>Joe</firstname><lastname>Walnes</lastname><lastname>Walnes</lastname><pn<phonenumber><code>123</code><number>1234-456</number></pnphonenumber><pn<phonenumber><code>123</code><number>1234-456</number></pnphonenumber><emails><string>joe@gmail.com</string><string>joe@hotmail.com</string></emails><emails><string>joe@gmail.com</string><string>joe@hotmail.com</string></emails><pn<phonenumber><code>123</code><number>1234-456</number></pnphonenumber><pn<phonenumber><code>123</code><number>1234-456</number></pnphonenumber><string>joe@gmail.com</string><string>joe@gmail.com</string><string>joe@hotmail.com</string><string>joe@hotmail.com</string><dob>2012-04-18 04:57:47.992 CDT>2012-04-18 04:57 CDT</dob><age>20</age><male>yes>true</male><dob>2012-04-18 04:57:47.992 CDT>2012-04-18 04:57 CDT</dob><male>yes>true</male><dob>2012-04-18 04:57:47.992 CDT>2012-04-18 04:57 CDT</dob><age>20</age><emails><string>joe@gmail.com</string><string>joe@hotmail.com</string></emails><emails><string>joe@gmail.com</string><string>joe@hotmail.com</string></emails><string>joe@gmail.com</string><string>joe@gmail.com</string><string>joe@hotmail.com</string><string>joe@hotmail.com</string><dob>2012-04-18 04:57:47.992 CDT>2012-04-18 04:57 CDT</dob><age>20</age><male>yes>true</male><dob>2012-04-18 04:57:47.992 CDT>2012-04-18 04:57 CDT</dob><male>yes>true</male><dob>2012-04-18 04:57:47.992 CDT>2012-04-18 04:57 CDT</dob><age>20</age><male>yes>true</male><dob>2012-04-18 04:57:47.992 CDT>2012-04-18 04:57 CDT</dob><male>yes>true</male><male>yes>true</male><dob>2012-04-18 04:57:47.992 CDT>2012-04-18 04:57 CDT</dob><male>yes>true</male></p>