<?xml version="1.0" encoding="UTF-8" ?>
<testsuite failures="0" time="0.002" errors="0" skipped="0" tests="2" name="com.thoughtworks.xstream.io.path.PathTrackingReaderTest">
  <properties>
    <property name="java.runtime.name" value="Java(TM) SE Runtime Environment"/>
    <property name="sun.boot.library.path" value="C:\Program Files\Java\jdk1.6.0_27\jre\bin"/>
    <property name="java.vm.version" value="20.2-b06"/>
    <property name="java.vm.vendor" value="Sun Microsystems Inc."/>
    <property name="java.vendor.url" value="http://java.sun.com/"/>
    <property name="path.separator" value=";"/>
    <property name="java.vm.name" value="Java HotSpot(TM) 64-Bit Server VM"/>
    <property name="file.encoding.pkg" value="sun.io"/>
    <property name="user.country" value="US"/>
    <property name="sun.java.launcher" value="SUN_STANDARD"/>
    <property name="sun.os.patch.level" value="Service Pack 1"/>
    <property name="java.vm.specification.name" value="Java Virtual Machine Specification"/>
    <property name="user.dir" value="C:\sharedcasestudies\xstream-1.4.2\xstream"/>
    <property name="java.runtime.version" value="1.6.0_27-b07"/>
    <property name="java.awt.graphicsenv" value="sun.awt.Win32GraphicsEnvironment"/>
    <property name="basedir" value="C:\sharedcasestudies\xstream-1.4.2\xstream"/>
    <property name="java.endorsed.dirs" value="C:\Program Files\Java\jdk1.6.0_27\jre\lib\endorsed"/>
    <property name="os.arch" value="amd64"/>
    <property name="surefire.real.class.path" value="C:\Users\FORZAI~1\AppData\Local\Temp\surefirebooter7477125652456763020.jar"/>
    <property name="java.io.tmpdir" value="C:\Users\FORZAI~1\AppData\Local\Temp\"/>
    <property name="line.separator" value="
"/>
    <property name="java.vm.specification.vendor" value="Sun Microsystems Inc."/>
    <property name="user.variant" value=""/>
    <property name="os.name" value="Windows 7"/>
    <property name="sun.jnu.encoding" value="Cp1252"/>
    <property name="java.library.path" value="C:\Program Files\Java\jdk1.6.0_27\jre\bin;C:\Windows\Sun\Java\bin;C:\Windows\system32;C:\Windows;C:\Program Files (x86)\MiKTeX 2.9\miktex\bin;C:\Perl64\site\bin;C:\Perl64\bin;C:\Program Files\Common Files\Microsoft Shared\Windows Live;C:\Program Files (x86)\Common Files\Microsoft Shared\Windows Live;C:\Windows\system32;C:\Windows;C:\Windows\System32\Wbem;C:\Windows\System32\WindowsPowerShell\v1.0\;C:\Program Files (x86)\Windows Live\Shared;C:\Program Files\Java\jdk1.6.0_27\bin;C:\Program Files (x86)\Git\bin;C:\Program Files (x86)\QuickTime\QTSystem\;C:\Python27;c:\Python27\lib;C:\Program Files\TortoiseSVN\bin;C:\apache-ant-1.8.2\bin;C:\apache-maven-3.0.4\bin;C:\Program Files (x86)\SSH Communications Security\SSH Secure Shell;C:\Program Files (x86)\Google\google_appengine\;."/>
    <property name="surefire.test.class.path" value="C:\sharedcasestudies\xstream-1.4.2\xstream\target\test-classes;C:\sharedcasestudies\xstream-1.4.2\xstream\target\classes;C:\Users\forzaitalia2\.m2\repository\dom4j\dom4j\1.6.1\dom4j-1.6.1.jar;C:\Users\forzaitalia2\.m2\repository\org\jdom\jdom\1.1\jdom-1.1.jar;C:\Users\forzaitalia2\.m2\repository\joda-time\joda-time\1.6\joda-time-1.6.jar;C:\Users\forzaitalia2\.m2\repository\stax\stax\1.2.0\stax-1.2.0.jar;C:\Users\forzaitalia2\.m2\repository\org\codehaus\woodstox\wstx-asl\3.2.7\wstx-asl-3.2.7.jar;C:\Users\forzaitalia2\.m2\repository\stax\stax-api\1.0.1\stax-api-1.0.1.jar;C:\Users\forzaitalia2\.m2\repository\xom\xom\1.1\xom-1.1.jar;C:\Users\forzaitalia2\.m2\repository\xmlpull\xmlpull\1.1.3.1\xmlpull-1.1.3.1.jar;C:\Users\forzaitalia2\.m2\repository\net\sf\kxml\kxml2-min\2.3.0\kxml2-min-2.3.0.jar;C:\Users\forzaitalia2\.m2\repository\net\sf\kxml\kxml2\2.3.0\kxml2-2.3.0.jar;C:\Users\forzaitalia2\.m2\repository\xpp3\xpp3_min\1.1.4c\xpp3_min-1.1.4c.jar;C:\Users\forzaitalia2\.m2\repository\cglib\cglib-nodep\2.2\cglib-nodep-2.2.jar;C:\Users\forzaitalia2\.m2\repository\org\json\json\20080701\json-20080701.jar;C:\Users\forzaitalia2\.m2\repository\org\codehaus\jettison\jettison\1.2\jettison-1.2.jar;C:\Users\forzaitalia2\.m2\repository\junit\junit\3.8.1\junit-3.8.1.jar;C:\Users\forzaitalia2\.m2\repository\jmock\jmock\1.0.1\jmock-1.0.1.jar;C:\Users\forzaitalia2\.m2\repository\com\megginson\sax\xml-writer\0.2\xml-writer-0.2.jar;C:\Users\forzaitalia2\.m2\repository\oro\oro\2.0.8\oro-2.0.8.jar;C:\Users\forzaitalia2\.m2\repository\commons-lang\commons-lang\2.4\commons-lang-2.4.jar;"/>
    <property name="java.specification.name" value="Java Platform API Specification"/>
    <property name="java.class.version" value="50.0"/>
    <property name="sun.management.compiler" value="HotSpot 64-Bit Tiered Compilers"/>
    <property name="os.version" value="6.1"/>
    <property name="user.home" value="C:\Users\forzaitalia2"/>
    <property name="user.timezone" value="America/Chicago"/>
    <property name="java.awt.printerjob" value="sun.awt.windows.WPrinterJob"/>
    <property name="java.specification.version" value="1.6"/>
    <property name="file.encoding" value="Cp1252"/>
    <property name="user.name" value="forzaitalia2"/>
    <property name="java.class.path" value="C:\sharedcasestudies\xstream-1.4.2\xstream\target\test-classes;C:\sharedcasestudies\xstream-1.4.2\xstream\target\classes;C:\Users\forzaitalia2\.m2\repository\dom4j\dom4j\1.6.1\dom4j-1.6.1.jar;C:\Users\forzaitalia2\.m2\repository\org\jdom\jdom\1.1\jdom-1.1.jar;C:\Users\forzaitalia2\.m2\repository\joda-time\joda-time\1.6\joda-time-1.6.jar;C:\Users\forzaitalia2\.m2\repository\stax\stax\1.2.0\stax-1.2.0.jar;C:\Users\forzaitalia2\.m2\repository\org\codehaus\woodstox\wstx-asl\3.2.7\wstx-asl-3.2.7.jar;C:\Users\forzaitalia2\.m2\repository\stax\stax-api\1.0.1\stax-api-1.0.1.jar;C:\Users\forzaitalia2\.m2\repository\xom\xom\1.1\xom-1.1.jar;C:\Users\forzaitalia2\.m2\repository\xmlpull\xmlpull\1.1.3.1\xmlpull-1.1.3.1.jar;C:\Users\forzaitalia2\.m2\repository\net\sf\kxml\kxml2-min\2.3.0\kxml2-min-2.3.0.jar;C:\Users\forzaitalia2\.m2\repository\net\sf\kxml\kxml2\2.3.0\kxml2-2.3.0.jar;C:\Users\forzaitalia2\.m2\repository\xpp3\xpp3_min\1.1.4c\xpp3_min-1.1.4c.jar;C:\Users\forzaitalia2\.m2\repository\cglib\cglib-nodep\2.2\cglib-nodep-2.2.jar;C:\Users\forzaitalia2\.m2\repository\org\json\json\20080701\json-20080701.jar;C:\Users\forzaitalia2\.m2\repository\org\codehaus\jettison\jettison\1.2\jettison-1.2.jar;C:\Users\forzaitalia2\.m2\repository\junit\junit\3.8.1\junit-3.8.1.jar;C:\Users\forzaitalia2\.m2\repository\jmock\jmock\1.0.1\jmock-1.0.1.jar;C:\Users\forzaitalia2\.m2\repository\com\megginson\sax\xml-writer\0.2\xml-writer-0.2.jar;C:\Users\forzaitalia2\.m2\repository\oro\oro\2.0.8\oro-2.0.8.jar;C:\Users\forzaitalia2\.m2\repository\commons-lang\commons-lang\2.4\commons-lang-2.4.jar;"/>
    <property name="java.vm.specification.version" value="1.0"/>
    <property name="sun.arch.data.model" value="64"/>
    <property name="java.home" value="C:\Program Files\Java\jdk1.6.0_27\jre"/>
    <property name="sun.java.command" value="C:\Users\FORZAI~1\AppData\Local\Temp\surefirebooter7477125652456763020.jar C:\Users\FORZAI~1\AppData\Local\Temp\surefire3304060347021197855tmp C:\Users\FORZAI~1\AppData\Local\Temp\surefire8125107554374723972tmp"/>
    <property name="java.specification.vendor" value="Sun Microsystems Inc."/>
    <property name="user.language" value="en"/>
    <property name="awt.toolkit" value="sun.awt.windows.WToolkit"/>
    <property name="java.vm.info" value="mixed mode"/>
    <property name="java.version" value="1.6.0_27"/>
    <property name="java.ext.dirs" value="C:\Program Files\Java\jdk1.6.0_27\jre\lib\ext;C:\Windows\Sun\Java\lib\ext"/>
    <property name="sun.boot.class.path" value="C:\Program Files\Java\jdk1.6.0_27\jre\lib\resources.jar;C:\Program Files\Java\jdk1.6.0_27\jre\lib\rt.jar;C:\Program Files\Java\jdk1.6.0_27\jre\lib\sunrsasign.jar;C:\Program Files\Java\jdk1.6.0_27\jre\lib\jsse.jar;C:\Program Files\Java\jdk1.6.0_27\jre\lib\jce.jar;C:\Program Files\Java\jdk1.6.0_27\jre\lib\charsets.jar;C:\Program Files\Java\jdk1.6.0_27\jre\lib\modules\jdk.boot.jar;C:\Program Files\Java\jdk1.6.0_27\jre\classes"/>
    <property name="java.vendor" value="Sun Microsystems Inc."/>
    <property name="java.awt.headless" value="true"/>
    <property name="localRepository" value="C:\Users\forzaitalia2\.m2\repository"/>
    <property name="file.separator" value="\"/>
    <property name="java.vendor.url.bug" value="http://java.sun.com/cgi-bin/bugreport.cgi"/>
    <property name="sun.cpu.endian" value="little"/>
    <property name="sun.io.unicode.encoding" value="UnicodeLittle"/>
    <property name="sun.desktop" value="windows"/>
    <property name="sun.cpu.isalist" value="amd64"/>
  </properties>
  <testcase time="0" classname="com.thoughtworks.xstream.io.path.PathTrackingReaderTest" name="testDecoratesReaderAndTracksPath"/>
  <testcase time="0.001" classname="com.thoughtworks.xstream.io.path.PathTrackingReaderTest" name="testPathsAreDecodedInTracker"/>
</testsuite>